{"environment":"development","level":"info","message":"✅ Redis connected successfully","service":"hospital-backend","timestamp":"2026-05-16 14:35:11"}
{"environment":"development","level":"info","message":"✅ Server running on port 4002","service":"hospital-backend","timestamp":"2026-05-16 14:35:11"}
{"environment":"development","level":"info","message":"📍 Environment: development","service":"hospital-backend","timestamp":"2026-05-16 14:35:11"}
{"durationMs":201,"environment":"development","level":"info","message":"API request","method":"POST","path":"/login","service":"hospital-backend","statusCode":200,"timestamp":"2026-05-16 14:35:36","userId":null}
{"durationMs":105,"environment":"development","level":"info","message":"API request","method":"GET","path":"/me","service":"hospital-backend","statusCode":200,"timestamp":"2026-05-16 14:35:36","userId":"691aed4d1dd85d07d91faa0e"}
{"durationMs":517,"environment":"development","level":"info","message":"API request","method":"GET","path":"/summary","service":"hospital-backend","statusCode":200,"timestamp":"2026-05-16 14:35:38","userId":"691aed4d1dd85d07d91faa0e"}
{"durationMs":237,"environment":"development","level":"info","message":"API request","method":"GET","path":"/availability","service":"hospital-backend","statusCode":200,"timestamp":"2026-05-16 14:35:40","userId":"691aed4d1dd85d07d91faa0e"}
{"durationMs":271,"environment":"development","level":"info","message":"API request","method":"GET","path":"/conversations","service":"hospital-backend","statusCode":200,"timestamp":"2026-05-16 14:35:49","userId":"691aed4d1dd85d07d91faa0e"}
{"durationMs":448,"environment":"development","level":"info","message":"API request","method":"GET","path":"/messages/69fefc1cc97a04d17762a578","service":"hospital-backend","statusCode":200,"timestamp":"2026-05-16 14:35:52","userId":"691aed4d1dd85d07d91faa0e"}
{"durationMs":118,"environment":"development","level":"info","message":"API request","method":"POST","path":"/login","service":"hospital-backend","statusCode":200,"timestamp":"2026-05-16 14:36:13","userId":null}
{"durationMs":102,"environment":"development","level":"info","message":"API request","method":"GET","path":"/me","service":"hospital-backend","statusCode":200,"timestamp":"2026-05-16 14:36:13","userId":"69fb3952cfa38856e52f430f"}
{"durationMs":908,"environment":"development","level":"info","message":"API request","method":"GET","path":"/dashboard","service":"hospital-backend","statusCode":200,"timestamp":"2026-05-16 14:36:14","userId":"69fb3952cfa38856e52f430f"}
{"durationMs":766,"environment":"development","level":"info","message":"API request","method":"GET","path":"/dashboard","service":"hospital-backend","statusCode":200,"timestamp":"2026-05-16 14:36:15","userId":"69fb3952cfa38856e52f430f"}
{"durationMs":775,"environment":"development","level":"info","message":"API request","method":"GET","path":"/dashboard","service":"hospital-backend","statusCode":200,"timestamp":"2026-05-16 14:36:16","userId":"69fb3952cfa38856e52f430f"}
{"durationMs":417,"environment":"development","level":"info","message":"API request","method":"GET","path":"/messages/69fefc1cc97a04d17762a578","service":"hospital-backend","statusCode":200,"timestamp":"2026-05-16 14:36:16","userId":"691aed4d1dd85d07d91faa0e"}
{"durationMs":804,"environment":"development","level":"info","message":"API request","method":"GET","path":"/dashboard","service":"hospital-backend","statusCode":200,"timestamp":"2026-05-16 14:36:17","userId":"69fb3952cfa38856e52f430f"}
{"durationMs":1239,"environment":"development","level":"info","message":"API request","method":"GET","path":"/dashboard","service":"hospital-backend","statusCode":200,"timestamp":"2026-05-16 14:36:18","userId":"69fb3952cfa38856e52f430f"}
{"durationMs":787,"environment":"development","level":"info","message":"API request","method":"GET","path":"/dashboard","service":"hospital-backend","statusCode":200,"timestamp":"2026-05-16 14:36:19","userId":"69fb3952cfa38856e52f430f"}
{"durationMs":244,"environment":"development","level":"info","message":"API request","method":"GET","path":"/conversations","service":"hospital-backend","statusCode":200,"timestamp":"2026-05-16 14:36:20","userId":"691aed4d1dd85d07d91faa0e"}
{"durationMs":250,"environment":"development","level":"info","message":"API request","method":"GET","path":"/conversations","service":"hospital-backend","statusCode":200,"timestamp":"2026-05-16 14:36:20","userId":"69fb3952cfa38856e52f430f"}
{"durationMs":581,"environment":"development","level":"info","message":"API request","method":"GET","path":"/messages/69fefc1cc97a04d17762a578","service":"hospital-backend","statusCode":200,"timestamp":"2026-05-16 14:36:21","userId":"69fb3952cfa38856e52f430f"}
{"durationMs":516,"environment":"development","level":"info","message":"API request","method":"POST","path":"/send","service":"hospital-backend","statusCode":200,"timestamp":"2026-05-16 14:36:24","userId":"69fb3952cfa38856e52f430f"}
{"durationMs":296,"environment":"development","level":"info","message":"API request","method":"GET","path":"/conversations","service":"hospital-backend","statusCode":200,"timestamp":"2026-05-16 14:36:25","userId":"69fb3952cfa38856e52f430f"}
{"durationMs":303,"environment":"development","level":"info","message":"API request","method":"GET","path":"/conversations","service":"hospital-backend","statusCode":200,"timestamp":"2026-05-16 14:36:25","userId":"691aed4d1dd85d07d91faa0e"}
{"durationMs":533,"environment":"development","level":"info","message":"API request","method":"POST","path":"/send","service":"hospital-backend","statusCode":200,"timestamp":"2026-05-16 14:36:27","userId":"691aed4d1dd85d07d91faa0e"}
{"durationMs":249,"environment":"development","level":"info","message":"API request","method":"GET","path":"/conversations","service":"hospital-backend","statusCode":200,"timestamp":"2026-05-16 14:36:28","userId":"691aed4d1dd85d07d91faa0e"}
{"durationMs":249,"environment":"development","level":"info","message":"API request","method":"GET","path":"/conversations","service":"hospital-backend","statusCode":200,"timestamp":"2026-05-16 14:36:28","userId":"69fb3952cfa38856e52f430f"}
{"durationMs":279,"environment":"development","level":"info","message":"API request","method":"GET","path":"/conversations","service":"hospital-backend","statusCode":200,"timestamp":"2026-05-16 14:37:01","userId":"691aed4d1dd85d07d91faa0e"}
{"environment":"development","level":"info","message":"✅ Redis connected successfully","service":"hospital-backend","timestamp":"2026-05-16 14:38:49"}
{"environment":"development","level":"info","message":"✅ Server running on port 4002","service":"hospital-backend","timestamp":"2026-05-16 14:38:49"}
{"environment":"development","level":"info","message":"📍 Environment: development","service":"hospital-backend","timestamp":"2026-05-16 14:38:49"}
{"durationMs":286,"environment":"development","level":"info","message":"API request","method":"GET","path":"/conversations","service":"hospital-backend","statusCode":200,"timestamp":"2026-05-16 14:38:55","userId":"69fb3952cfa38856e52f430f"}
{"durationMs":433,"environment":"development","level":"info","message":"API request","method":"GET","path":"/messages/69fefc1cc97a04d17762a578","service":"hospital-backend","statusCode":200,"timestamp":"2026-05-16 14:38:55","userId":"69fb3952cfa38856e52f430f"}
{"durationMs":427,"environment":"development","level":"info","message":"API request","method":"POST","path":"/send","service":"hospital-backend","statusCode":200,"timestamp":"2026-05-16 14:39:01","userId":"69fb3952cfa38856e52f430f"}
{"durationMs":192,"environment":"development","level":"info","message":"API request","method":"GET","path":"/conversations","service":"hospital-backend","statusCode":200,"timestamp":"2026-05-16 14:39:01","userId":"691aed4d1dd85d07d91faa0e"}
{"durationMs":613,"environment":"development","level":"info","message":"API request","method":"GET","path":"/consultations","service":"hospital-backend","statusCode":200,"timestamp":"2026-05-16 14:39:06","userId":"69fb3952cfa38856e52f430f"}
{"durationMs":374,"environment":"development","level":"info","message":"API request","method":"GET","path":"/messages/69fefc1cc97a04d17762a578","service":"hospital-backend","statusCode":200,"timestamp":"2026-05-16 14:39:10","userId":"69fb3952cfa38856e52f430f"}
{"durationMs":470,"environment":"development","level":"info","message":"API request","method":"GET","path":"/getdepartmenst","service":"hospital-backend","statusCode":200,"timestamp":"2026-05-16 14:39:11","userId":"69fb3952cfa38856e52f430f"}
{"durationMs":616,"environment":"development","level":"info","message":"API request","method":"GET","path":"/getAll-Doctor","service":"hospital-backend","statusCode":200,"timestamp":"2026-05-16 14:39:11","userId":"69fb3952cfa38856e52f430f"}
{"durationMs":78,"environment":"development","level":"info","message":"API request","method":"GET","path":"/doctor/691aed4e1dd85d07d91faa11/available-dates","service":"hospital-backend","statusCode":200,"timestamp":"2026-05-16 14:39:12","userId":"69fb3952cfa38856e52f430f"}
{"durationMs":83,"environment":"development","level":"info","message":"API request","method":"GET","path":"/doctor/691aed4e1dd85d07d91faa11/slots","service":"hospital-backend","statusCode":200,"timestamp":"2026-05-16 14:39:13","userId":"69fb3952cfa38856e52f430f"}
{"durationMs":232,"environment":"development","level":"info","message":"API request","method":"GET","path":"/allAppointment","service":"hospital-backend","statusCode":200,"timestamp":"2026-05-16 14:39:18","userId":"691aed4d1dd85d07d91faa0e"}
{"durationMs":173,"environment":"development","level":"info","message":"API request","method":"GET","path":"/getallPatients","service":"hospital-backend","statusCode":200,"timestamp":"2026-05-16 14:39:19","userId":"691aed4d1dd85d07d91faa0e"}
